<?xml version="1.0" encoding="UTF-8"?>
<testsuite name="ClienteTest" tests="1" skipped="0" failures="0" errors="0" timestamp="2022-08-25T19:17:14" hostname="DESKTOP-CPSF1E4" time="0.056">
  <properties/>
  <testcase name="removerItemTeste()" classname="ClienteTest" time="0.056"/>
  <system-out><![CDATA[]]></system-out>
  <system-err><![CDATA[]]></system-err>
</testsuite>
